{
  "RSpec": {
    "coverage": {
      "/Users/matt/Desktop/testtest/betwork/app/models/user.rb": {
        "lines": [
          1,
          null,
          1,
          null,
          1,
          null,
          1,
          1,
          1,
          null,
          1,
          1,
          1,
          null,
          1,
          1,
          null,
          1,
          null,
          1,
          null,
          1,
          1,
          null,
          1,
          79,
          null,
          null,
          1,
          24,
          24,
          null,
          null,
          1,
          130,
          130,
          null,
          null,
          null,
          null,
          null,
          null,
          null,
          null,
          null,
          null,
          null,
          null,
          null
        ]
      },
      "/Users/matt/Desktop/testtest/betwork/app/uploaders/avatar_uploader.rb": {
        "lines": [
          1,
          null,
          null,
          null,
          null,
          1,
          null,
          null,
          1,
          null,
          null,
          null,
          null,
          1,
          0,
          null,
          null,
          null,
          null,
          null,
          null,
          null,
          null,
          null,
          null,
          null,
          null,
          null,
          null,
          null,
          null,
          null,
          null,
          null,
          null,
          null,
          null,
          null,
          null,
          null,
          null,
          null,
          null,
          null,
          null,
          null,
          null,
          null,
          null
        ]
      },
      "/Users/matt/Desktop/testtest/betwork/app/models/merit/badge_rules.rb": {
        "lines": [
          null,
          null,
          null,
          null,
          null,
          null,
          null,
          null,
          null,
          null,
          null,
          null,
          null,
          null,
          null,
          null,
          null,
          null,
          1,
          1,
          1,
          null,
          1,
          1,
          0,
          null,
          null,
          null,
          null,
          null,
          null,
          null,
          null,
          null,
          null,
          null,
          null,
          null,
          null,
          null,
          null,
          null,
          null,
          null,
          null,
          null,
          null,
          null,
          null,
          null,
          null,
          null,
          null
        ]
      },
      "/Users/matt/Desktop/testtest/betwork/app/models/merit/point_rules.rb": {
        "lines": [
          1,
          1,
          1,
          null,
          1,
          1,
          1,
          1,
          null,
          1,
          1,
          null,
          null,
          null,
          null,
          null,
          null,
          null,
          null,
          null,
          null,
          null,
          null,
          null,
          null,
          null
        ]
      },
      "/Users/matt/Desktop/testtest/betwork/app/helpers/application_helper.rb": {
        "lines": [
          1,
          1,
          0,
          null,
          null,
          1,
          0,
          null,
          null
        ]
      },
      "/Users/matt/Desktop/testtest/betwork/app/helpers/comments_helper.rb": {
        "lines": [
          1,
          null
        ]
      },
      "/Users/matt/Desktop/testtest/betwork/app/helpers/events_helper.rb": {
        "lines": [
          1,
          null
        ]
      },
      "/Users/matt/Desktop/testtest/betwork/app/helpers/follows_helper.rb": {
        "lines": [
          1,
          null
        ]
      },
      "/Users/matt/Desktop/testtest/betwork/app/helpers/home_helper.rb": {
        "lines": [
          1,
          1,
          0,
          null,
          null,
          1,
          0,
          null,
          null
        ]
      },
      "/Users/matt/Desktop/testtest/betwork/app/helpers/likes_helper.rb": {
        "lines": [
          null,
          null,
          null,
          null,
          1,
          1,
          0,
          null,
          null
        ]
      },
      "/Users/matt/Desktop/testtest/betwork/app/helpers/posts_helper.rb": {
        "lines": [
          1,
          null
        ]
      },
      "/Users/matt/Desktop/testtest/betwork/app/helpers/users_helper.rb": {
        "lines": [
          1,
          1,
          0,
          null,
          null,
          1,
          0,
          0,
          null,
          null,
          1,
          2,
          null,
          null,
          null,
          null,
          null,
          null,
          null
        ]
      },
      "/Users/matt/Desktop/testtest/betwork/app/models/bet.rb": {
        "lines": [
          1,
          1,
          null,
          1,
          null,
          1,
          83,
          null,
          null,
          1,
          166,
          0,
          null,
          166,
          166,
          0,
          null,
          null,
          null,
          null,
          1,
          1,
          null,
          null,
          null
        ]
      },
      "/Users/matt/Desktop/testtest/betwork/app/models/concerns/shared/callbacks.rb": {
        "lines": [
          null,
          null,
          null,
          null,
          1,
          1,
          null,
          1,
          5,
          5,
          null,
          null,
          1,
          3,
          3,
          3,
          null,
          null,
          1,
          3,
          3,
          null,
          null,
          null
        ]
      },
      "/Users/matt/Desktop/testtest/betwork/app/models/follow.rb": {
        "lines": [
          null,
          null,
          null,
          null,
          1,
          1,
          null,
          1,
          1,
          null,
          null,
          1,
          1,
          null,
          1,
          3,
          null,
          null,
          1,
          42,
          null,
          1,
          1,
          null
        ]
      },
      "/Users/matt/Desktop/testtest/betwork/app/models/odd.rb": {
        "lines": [
          1,
          1,
          null,
          1,
          null,
          null,
          null,
          null
        ]
      },
      "/Users/matt/Desktop/testtest/betwork/app/models/post.rb": {
        "lines": [
          1,
          1,
          null,
          1,
          1,
          1,
          1,
          null,
          1,
          42,
          null,
          126,
          null,
          1,
          null,
          1,
          1,
          null,
          1,
          42,
          42,
          42,
          42,
          null,
          null
        ]
      },
      "/Users/matt/Desktop/testtest/betwork/app/controllers/bets_controller.rb": {
        "lines": [
          1,
          1,
          1,
          1,
          1,
          1,
          1,
          1,
          1,
          null,
          1,
          1,
          1,
          null,
          1,
          null,
          null,
          52,
          52,
          52,
          52,
          null,
          null,
          1,
          null,
          null,
          null,
          null,
          null,
          40,
          40,
          40,
          null,
          null,
          40,
          null,
          40,
          40,
          40,
          null,
          40,
          40,
          40,
          null,
          40,
          40,
          40,
          40,
          null,
          null,
          40,
          null,
          40,
          40,
          40,
          null,
          40,
          40,
          40,
          null,
          40,
          40,
          40,
          null,
          null,
          40,
          null,
          40,
          40,
          40,
          null,
          40,
          40,
          40,
          null,
          40,
          40,
          40,
          null,
          null,
          40,
          null,
          100,
          null,
          null,
          9,
          null,
          null,
          9,
          null,
          3,
          null,
          3,
          3,
          null,
          null,
          3,
          3,
          3,
          null,
          null,
          3,
          null,
          null,
          3,
          null,
          2,
          null,
          2,
          2,
          2,
          null,
          0,
          0,
          null,
          null,
          null,
          2,
          0,
          null,
          2,
          null,
          null,
          null,
          2,
          2,
          null,
          null,
          2,
          null,
          null,
          null,
          2,
          0,
          null,
          2,
          null,
          null,
          null,
          2,
          2,
          null,
          0,
          null,
          null,
          null,
          2,
          2,
          null,
          null,
          2,
          null,
          null,
          1,
          null,
          null,
          1,
          null,
          null,
          1,
          null,
          null,
          1,
          null,
          null,
          null,
          1,
          1,
          1,
          1,
          null,
          null,
          null,
          1,
          null,
          null,
          1,
          null,
          null,
          1,
          null,
          null,
          1,
          null,
          null,
          null,
          1,
          1,
          1,
          1,
          null,
          null,
          2,
          2,
          2,
          null,
          null,
          null,
          null,
          null,
          null,
          null,
          null,
          null,
          null,
          null,
          null,
          null,
          null,
          2,
          2,
          null,
          null,
          null,
          1,
          1,
          null,
          null,
          1,
          null,
          null,
          1,
          1,
          1,
          1,
          1,
          null,
          1,
          1,
          null,
          null,
          null,
          null,
          null,
          3,
          null,
          null,
          null,
          6,
          null,
          3,
          null,
          3,
          3,
          null,
          null,
          3,
          3,
          3,
          null,
          null,
          3,
          null,
          null,
          3,
          null,
          2,
          null,
          2,
          2,
          2,
          null,
          0,
          0,
          null,
          null,
          null,
          2,
          0,
          null,
          2,
          null,
          null,
          null,
          2,
          2,
          null,
          null,
          2,
          null,
          null,
          null,
          2,
          0,
          null,
          2,
          null,
          null,
          null,
          2,
          2,
          null,
          0,
          null,
          null,
          null,
          2,
          2,
          null,
          null,
          2,
          null,
          null,
          1,
          null,
          null,
          1,
          null,
          null,
          1,
          null,
          null,
          1,
          null,
          null,
          null,
          1,
          1,
          1,
          1,
          null,
          null,
          null,
          1,
          null,
          null,
          1,
          null,
          null,
          1,
          null,
          null,
          1,
          null,
          null,
          null,
          1,
          1,
          1,
          1,
          null,
          null,
          2,
          2,
          2,
          null,
          null,
          null,
          null,
          null,
          null,
          null,
          null,
          null,
          null,
          null,
          null,
          null,
          null,
          2,
          2,
          null,
          null,
          null,
          1,
          1,
          null,
          null,
          1,
          null,
          null,
          1,
          1,
          1,
          1,
          1,
          null,
          1,
          1,
          null,
          null,
          null,
          null,
          null,
          3,
          null,
          null,
          null,
          null,
          3,
          null,
          3,
          3,
          null,
          null,
          3,
          3,
          3,
          null,
          null,
          3,
          null,
          null,
          3,
          null,
          2,
          null,
          2,
          2,
          2,
          null,
          0,
          0,
          null,
          null,
          null,
          2,
          0,
          null,
          2,
          null,
          null,
          null,
          2,
          2,
          null,
          null,
          2,
          null,
          null,
          null,
          2,
          0,
          null,
          2,
          null,
          null,
          null,
          2,
          2,
          null,
          0,
          null,
          null,
          null,
          2,
          2,
          null,
          null,
          2,
          null,
          null,
          1,
          null,
          null,
          1,
          null,
          null,
          1,
          null,
          null,
          1,
          null,
          null,
          null,
          1,
          1,
          1,
          1,
          null,
          null,
          null,
          1,
          null,
          null,
          1,
          null,
          null,
          1,
          null,
          null,
          1,
          null,
          null,
          null,
          1,
          1,
          1,
          1,
          null,
          null,
          2,
          2,
          2,
          null,
          null,
          null,
          null,
          null,
          null,
          null,
          null,
          null,
          null,
          null,
          null,
          null,
          null,
          2,
          2,
          null,
          null,
          null,
          null,
          1,
          1,
          null,
          null,
          1,
          null,
          null,
          1,
          1,
          1,
          1,
          1,
          null,
          1,
          1,
          null,
          null,
          null,
          null,
          null,
          3,
          null,
          null,
          null,
          null,
          null,
          91,
          null,
          null,
          22,
          22,
          null,
          null,
          22,
          22,
          null,
          null,
          22,
          22,
          22,
          null,
          null,
          22,
          22,
          null,
          null,
          22,
          22,
          null,
          null,
          22,
          22,
          22,
          null,
          22,
          null,
          22,
          22,
          null,
          null,
          22,
          null,
          null,
          22,
          22,
          22,
          22,
          22,
          null,
          22,
          22,
          1,
          1,
          1,
          null,
          22,
          null,
          null,
          null,
          null,
          null,
          null,
          1,
          null,
          0,
          null,
          null,
          1,
          null,
          null,
          null,
          1,
          null,
          null,
          null,
          null,
          null,
          null,
          null,
          null,
          null,
          null,
          null,
          1,
          null,
          18,
          18,
          18,
          0,
          0,
          null,
          18,
          null,
          18,
          18,
          18,
          18,
          18,
          18,
          18,
          18,
          18,
          18,
          18,
          18,
          18,
          null,
          18,
          null,
          null,
          null,
          null,
          null,
          null,
          null,
          null,
          null,
          null,
          null,
          null,
          null,
          null,
          null,
          null,
          null,
          null,
          null,
          18,
          18,
          18,
          18,
          18,
          18,
          18,
          18,
          18,
          null,
          18,
          18,
          null,
          0,
          null,
          18,
          18,
          18,
          18,
          12,
          12,
          null,
          6,
          6,
          null,
          18,
          18,
          18,
          18,
          18,
          null,
          null,
          null,
          null,
          null,
          18,
          null,
          null,
          null,
          null,
          null,
          null,
          null,
          null,
          null,
          null,
          null,
          null,
          18,
          null,
          null,
          null,
          null,
          null,
          null,
          null,
          null,
          null,
          null,
          null,
          null,
          null,
          null,
          null,
          null,
          null,
          null,
          null,
          null,
          null,
          null,
          null,
          null,
          null,
          null,
          null,
          null,
          18,
          null,
          null,
          1,
          null,
          30,
          30,
          30,
          30,
          30,
          18,
          null,
          30,
          6,
          6,
          6,
          6,
          6,
          6,
          6,
          6,
          6,
          6,
          6,
          null,
          null,
          null,
          null,
          null,
          null,
          null,
          null,
          null,
          null,
          null,
          null,
          null,
          24,
          12,
          12,
          12,
          null,
          30,
          30,
          30,
          30,
          30,
          30,
          30,
          30,
          30,
          null,
          30,
          30,
          null,
          0,
          null,
          null,
          30,
          30,
          30,
          30,
          30,
          30,
          null,
          0,
          0,
          null,
          30,
          12,
          null,
          18,
          null,
          30,
          30,
          30,
          30,
          30,
          null,
          null,
          null,
          null,
          null,
          30,
          null,
          null,
          null,
          null,
          null,
          null,
          null,
          null,
          null,
          null,
          null,
          null,
          30,
          null,
          null,
          null,
          null,
          null,
          null,
          null,
          null,
          null,
          null,
          null,
          null,
          null,
          null,
          null,
          null,
          null,
          null,
          null,
          null,
          null,
          null,
          null,
          null,
          null,
          null,
          null,
          null,
          30,
          null,
          null,
          1,
          null,
          null,
          1,
          null,
          50,
          50,
          50,
          50,
          50,
          50,
          50,
          50,
          50,
          50,
          50,
          50,
          null,
          50,
          50,
          null,
          0,
          null,
          null,
          50,
          50,
          50,
          50,
          44,
          44,
          null,
          6,
          6,
          null,
          50,
          50,
          50,
          50,
          50,
          null,
          null,
          null,
          null,
          null,
          50,
          null,
          null,
          null,
          null,
          null,
          null,
          null,
          null,
          null,
          null,
          null,
          50,
          null,
          null,
          null,
          null,
          null,
          null,
          null,
          null,
          null,
          null,
          null,
          null,
          null,
          null,
          null,
          null,
          null,
          null,
          null,
          null,
          null,
          null,
          null,
          null,
          null,
          50,
          null,
          null,
          null,
          0,
          0,
          0,
          0,
          null,
          null,
          null,
          null,
          null,
          1,
          null,
          0,
          null,
          null,
          null,
          null,
          null,
          null,
          null,
          null,
          null,
          null,
          null,
          null,
          null,
          null,
          null,
          null,
          1,
          null,
          1,
          null,
          null,
          0,
          null,
          null,
          null,
          1,
          null,
          50,
          null,
          null,
          null,
          1,
          null,
          0,
          null,
          null,
          1,
          null,
          190,
          190,
          null,
          null
        ]
      },
      "/Users/matt/Desktop/testtest/betwork/app/controllers/test.rb": {
        "lines": [

        ]
      },
      "/Users/matt/Desktop/testtest/betwork/app/constants/bet_post_constants.rb": {
        "lines": [
          1,
          1,
          1,
          1,
          1,
          1,
          null,
          null,
          1,
          18,
          null,
          null,
          1,
          6,
          null,
          null,
          1,
          12,
          null,
          null,
          null,
          null
        ]
      },
      "/Users/matt/Desktop/testtest/betwork/app/controllers/application_controller.rb": {
        "lines": [
          1,
          null,
          null,
          1,
          null,
          1,
          null,
          1,
          1,
          0,
          0,
          null,
          null,
          1,
          1,
          2,
          null,
          null,
          null,
          1,
          null
        ]
      },
      "/Users/matt/Desktop/testtest/betwork/app/controllers/home_controller.rb": {
        "lines": [
          null,
          null,
          null,
          null,
          1,
          null,
          1,
          1,
          1,
          1,
          null,
          1,
          null,
          null,
          null,
          null,
          null,
          41,
          41,
          41,
          41,
          null,
          null,
          41,
          null,
          41,
          41,
          41,
          null,
          41,
          41,
          41,
          null,
          41,
          41,
          41,
          41,
          null,
          null,
          null,
          null,
          41,
          null,
          41,
          41,
          41,
          null,
          41,
          41,
          41,
          null,
          41,
          41,
          41,
          41,
          null,
          null,
          null,
          null,
          41,
          null,
          41,
          41,
          41,
          null,
          41,
          41,
          41,
          null,
          41,
          41,
          41,
          41,
          null,
          null,
          null,
          null,
          41,
          null,
          null,
          100,
          null,
          null,
          null,
          9,
          null,
          null,
          9,
          null,
          null,
          3,
          null,
          null,
          3,
          3,
          null,
          null,
          3,
          3,
          3,
          null,
          null,
          3,
          null,
          null,
          null,
          null,
          null,
          null,
          null,
          3,
          null,
          null,
          null,
          null,
          2,
          null,
          null,
          2,
          2,
          2,
          null,
          0,
          0,
          null,
          null,
          null,
          2,
          0,
          null,
          2,
          null,
          null,
          null,
          2,
          2,
          null,
          null,
          2,
          null,
          null,
          null,
          2,
          0,
          null,
          2,
          null,
          null,
          null,
          2,
          2,
          null,
          0,
          null,
          null,
          null,
          null,
          2,
          2,
          null,
          null,
          2,
          null,
          null,
          1,
          null,
          null,
          1,
          null,
          null,
          1,
          null,
          null,
          1,
          null,
          null,
          null,
          1,
          1,
          1,
          1,
          null,
          null,
          null,
          1,
          null,
          null,
          1,
          null,
          null,
          1,
          null,
          null,
          1,
          null,
          null,
          null,
          1,
          1,
          1,
          1,
          null,
          null,
          null,
          2,
          2,
          null,
          null,
          1,
          1,
          null,
          null,
          1,
          null,
          null,
          1,
          1,
          1,
          1,
          1,
          null,
          1,
          1,
          null,
          null,
          null,
          null,
          null,
          3,
          null,
          null,
          6,
          null,
          null,
          null,
          3,
          null,
          3,
          3,
          null,
          null,
          3,
          3,
          3,
          null,
          null,
          3,
          null,
          null,
          3,
          null,
          null,
          2,
          null,
          2,
          2,
          2,
          null,
          0,
          0,
          null,
          null,
          null,
          2,
          0,
          null,
          2,
          null,
          null,
          null,
          2,
          2,
          null,
          null,
          2,
          null,
          null,
          null,
          2,
          0,
          null,
          2,
          null,
          null,
          null,
          2,
          2,
          null,
          0,
          null,
          null,
          null,
          2,
          2,
          null,
          null,
          2,
          null,
          null,
          1,
          null,
          null,
          1,
          null,
          null,
          1,
          null,
          null,
          1,
          null,
          null,
          null,
          1,
          1,
          1,
          1,
          null,
          null,
          null,
          1,
          null,
          null,
          1,
          null,
          null,
          1,
          null,
          null,
          1,
          null,
          null,
          null,
          1,
          1,
          1,
          1,
          null,
          null,
          null,
          2,
          2,
          null,
          null,
          1,
          1,
          null,
          null,
          1,
          null,
          null,
          1,
          1,
          1,
          1,
          1,
          null,
          1,
          1,
          null,
          null,
          null,
          null,
          null,
          3,
          null,
          null,
          null,
          3,
          null,
          3,
          3,
          null,
          null,
          3,
          3,
          3,
          null,
          null,
          3,
          null,
          null,
          3,
          null,
          null,
          2,
          null,
          2,
          2,
          2,
          null,
          0,
          0,
          null,
          null,
          null,
          2,
          0,
          null,
          2,
          null,
          null,
          null,
          2,
          2,
          null,
          null,
          2,
          null,
          null,
          null,
          2,
          0,
          null,
          2,
          null,
          null,
          null,
          2,
          2,
          null,
          0,
          null,
          null,
          null,
          2,
          2,
          null,
          null,
          2,
          null,
          null,
          1,
          null,
          null,
          1,
          null,
          null,
          1,
          null,
          null,
          1,
          null,
          null,
          null,
          1,
          1,
          1,
          1,
          null,
          null,
          null,
          1,
          null,
          null,
          1,
          null,
          null,
          1,
          null,
          null,
          1,
          null,
          null,
          null,
          1,
          1,
          1,
          1,
          null,
          null,
          null,
          2,
          2,
          null,
          null,
          1,
          1,
          null,
          null,
          1,
          null,
          null,
          1,
          1,
          1,
          1,
          1,
          null,
          1,
          1,
          null,
          null,
          null,
          null,
          null,
          3,
          null,
          null,
          null,
          null,
          91,
          null,
          null,
          null,
          null,
          22,
          22,
          22,
          22,
          22,
          22,
          22,
          22,
          22,
          22,
          22,
          22,
          null,
          null,
          null,
          22,
          22,
          null,
          null,
          22,
          22,
          null,
          null,
          22,
          22,
          22,
          null,
          null,
          null,
          null,
          22,
          22,
          22,
          22,
          22,
          22,
          22,
          22,
          22,
          22,
          22,
          22,
          null,
          null,
          null,
          22,
          22,
          null,
          null,
          22,
          22,
          null,
          null,
          22,
          22,
          22,
          null,
          22,
          0,
          0,
          0,
          0,
          null,
          22,
          22,
          null,
          null,
          22,
          null,
          null,
          22,
          22,
          22,
          22,
          22,
          null,
          22,
          22,
          1,
          1,
          1,
          null,
          22,
          null,
          null,
          null,
          null,
          null,
          null,
          1,
          null,
          1,
          1,
          1,
          1,
          null,
          null,
          1,
          0,
          null,
          null,
          1,
          1,
          null,
          null,
          1,
          null,
          null,
          1,
          null,
          1,
          43,
          null,
          null,
          1,
          43,
          null,
          null
        ]
      },
      "/Users/matt/Desktop/testtest/betwork/app/controllers/odds_controller.rb": {
        "lines": [
          1,
          1,
          1,
          1,
          1,
          null,
          1,
          1,
          null,
          1,
          null,
          null,
          1,
          null,
          null,
          null,
          null,
          null,
          null,
          null,
          null,
          null,
          null,
          null,
          null,
          null,
          null,
          null,
          null,
          null,
          null,
          null,
          null,
          null,
          null,
          null,
          null,
          null,
          null,
          null,
          null,
          null,
          null,
          null,
          null,
          1,
          null,
          null,
          null,
          null,
          null,
          null,
          null,
          null,
          null,
          null,
          null,
          null,
          null,
          null,
          null,
          null,
          null,
          null,
          null,
          null,
          null,
          null,
          null,
          null,
          null,
          null,
          null,
          null,
          null,
          null,
          null,
          null,
          null,
          null,
          null,
          1,
          1,
          null,
          null,
          null,
          null,
          1,
          1,
          1,
          1,
          1,
          1,
          1,
          1,
          1,
          null,
          null,
          1,
          1,
          null,
          null,
          1,
          1,
          null,
          null,
          1,
          1,
          1,
          null,
          null,
          1,
          null,
          null,
          null,
          null,
          null,
          null,
          null,
          null,
          1,
          null,
          null,
          null,
          null,
          null,
          null,
          null,
          1,
          1,
          1,
          1,
          1,
          1,
          1,
          1,
          1,
          null,
          null,
          1,
          1,
          null,
          null,
          1,
          1,
          null,
          null,
          1,
          1,
          1,
          null,
          null,
          1,
          null,
          null,
          null,
          null,
          null,
          null,
          null,
          null,
          1,
          null,
          null,
          null,
          null,
          1,
          1,
          1,
          null,
          null,
          9,
          null,
          null,
          null,
          9,
          9,
          null,
          null,
          9,
          9,
          null,
          null,
          9,
          9,
          9,
          null,
          null,
          9,
          9,
          9,
          9,
          null,
          null,
          9,
          5,
          5,
          null,
          4,
          4,
          null,
          null,
          9,
          null,
          null,
          null,
          null,
          null,
          null,
          null,
          null,
          9,
          null,
          null,
          null,
          null,
          1,
          1,
          1,
          null,
          null,
          17,
          null,
          null,
          null,
          17,
          17,
          null,
          null,
          17,
          17,
          null,
          null,
          17,
          17,
          17,
          null,
          null,
          17,
          17,
          17,
          17,
          null,
          null,
          17,
          9,
          9,
          null,
          8,
          8,
          null,
          null,
          17,
          null,
          null,
          null,
          null,
          null,
          null,
          null,
          null,
          17,
          null,
          null,
          null,
          null,
          1,
          1,
          1,
          null,
          null,
          16,
          null,
          null,
          null,
          16,
          16,
          null,
          null,
          16,
          16,
          null,
          null,
          16,
          16,
          16,
          null,
          null,
          16,
          16,
          16,
          16,
          null,
          null,
          16,
          6,
          6,
          null,
          10,
          10,
          null,
          null,
          16,
          null,
          null,
          null,
          null,
          null,
          null,
          null,
          null,
          16,
          null,
          null,
          null,
          null,
          1,
          null,
          null,
          1,
          null,
          null,
          1,
          1,
          1,
          null,
          null,
          1,
          null,
          0,
          null,
          null,
          1,
          null,
          null,
          null,
          null,
          null,
          null,
          null,
          null,
          null,
          null,
          null,
          null,
          null,
          null,
          null,
          null,
          null,
          null,
          1,
          null,
          null,
          1,
          null,
          1,
          1,
          1,
          null,
          1,
          1,
          1,
          null,
          1,
          null,
          null,
          1,
          1,
          null,
          0,
          null,
          null,
          null,
          1,
          null,
          null,
          1,
          null,
          1,
          1,
          1,
          null,
          1,
          1,
          1,
          null,
          1,
          null,
          null,
          1,
          1,
          null,
          0,
          null,
          null,
          null,
          1,
          null,
          null,
          1,
          null,
          1,
          1,
          1,
          null,
          1,
          1,
          1,
          null,
          1,
          null,
          null,
          1,
          1,
          null,
          0,
          null,
          null,
          null,
          null,
          null,
          null,
          null,
          null,
          null,
          null,
          null,
          null,
          null,
          null,
          1,
          null,
          2,
          2,
          null,
          null
        ]
      },
      "/Users/matt/Desktop/testtest/betwork/app/controllers/posts_controller.rb": {
        "lines": [
          1,
          1,
          1,
          null,
          1,
          null,
          0,
          null,
          null,
          1,
          null,
          null,
          null,
          null,
          1,
          1,
          1,
          null,
          0,
          null,
          null,
          null,
          1,
          null,
          null,
          null,
          null,
          1,
          null,
          null,
          null,
          null,
          1,
          null,
          null,
          1,
          null,
          null,
          1,
          null,
          null,
          1,
          null,
          1,
          1,
          2,
          null,
          null,
          null,
          1,
          null,
          1,
          null,
          2,
          null,
          2,
          null,
          null,
          1,
          null,
          2,
          null,
          null
        ]
      },
      "/Users/matt/Desktop/testtest/betwork/app/models/comment.rb": {
        "lines": [
          null,
          null,
          null,
          null,
          1,
          1,
          1,
          1,
          null,
          1,
          2,
          null,
          null,
          null,
          null,
          null,
          null,
          1,
          null,
          1,
          1,
          null,
          1,
          1,
          1,
          null,
          1,
          0,
          0,
          0,
          0,
          null,
          null
        ]
      },
      "/Users/matt/Desktop/testtest/betwork/app/models/mention.rb": {
        "lines": [
          1,
          null,
          1,
          null,
          1,
          0,
          0,
          0,
          null,
          0,
          null,
          null,
          1,
          0,
          0,
          0,
          0,
          null,
          null,
          null,
          1,
          0,
          null,
          null,
          1,
          0,
          0,
          0,
          0,
          null,
          null,
          null,
          null
        ]
      },
      "/Users/matt/Desktop/testtest/betwork/app/controllers/users_controller.rb": {
        "lines": [
          1,
          1,
          1,
          1,
          1,
          null,
          1,
          0,
          null,
          null,
          1,
          null,
          null,
          1,
          0,
          null,
          null,
          1,
          null,
          0,
          0,
          0,
          0,
          null,
          0,
          0,
          null,
          0,
          0,
          0,
          null,
          0,
          null,
          null,
          0,
          0,
          null,
          0,
          null,
          null,
          null,
          1,
          null,
          null,
          1,
          0,
          null,
          null,
          1,
          0,
          null,
          null,
          1,
          null,
          null,
          null,
          0,
          null,
          null,
          1,
          null,
          1,
          0,
          null,
          null,
          null,
          1,
          null,
          null,
          null,
          null,
          null,
          null,
          null,
          0,
          null,
          null,
          1,
          null,
          null,
          1,
          null,
          null,
          1,
          null,
          null
        ]
      },
      "/Users/matt/Desktop/testtest/betwork/app/models/merit/rank_rules.rb": {
        "lines": [
          null,
          null,
          null,
          null,
          null,
          null,
          null,
          null,
          null,
          null,
          null,
          null,
          0,
          0,
          0,
          null,
          0,
          null,
          null,
          null,
          null,
          null,
          null,
          null,
          null,
          null,
          null,
          null,
          0,
          0,
          0
        ],
        "branches": {
        }
      },
      "/Users/matt/Desktop/testtest/betwork/app/models/event.rb": {
        "lines": [
          0,
          0,
          0,
          0,
          0,
          null,
          0,
          0,
          null,
          0,
          0,
          0,
          0
        ],
        "branches": {
        }
      },
      "/Users/matt/Desktop/testtest/betwork/app/serializers/event_calendar_serializer.rb": {
        "lines": [
          null,
          null,
          null,
          null,
          null,
          null,
          null,
          null,
          null,
          null,
          null,
          null,
          null,
          null,
          null,
          null,
          null,
          null,
          null
        ],
        "branches": {
        }
      },
      "/Users/matt/Desktop/testtest/betwork/app/controllers/events_controller.rb": {
        "lines": [
          null,
          null,
          null,
          null,
          null,
          null,
          null,
          null,
          null,
          null,
          null,
          null,
          null,
          null,
          null,
          null,
          null,
          null,
          null,
          null,
          null,
          null,
          null,
          null,
          null,
          null,
          null,
          null,
          null,
          null,
          null,
          null,
          null,
          null,
          null,
          null,
          null,
          null,
          null,
          null,
          null,
          null,
          null,
          null,
          null,
          null,
          null,
          null,
          null,
          null,
          null,
          null,
          null,
          null,
          null,
          null,
          null,
          null,
          null,
          null,
          null,
          null,
          null,
          null,
          null,
          null,
          null,
          null,
          null
        ],
        "branches": {
        }
      },
      "/Users/matt/Desktop/testtest/betwork/app/controllers/comments_controller.rb": {
        "lines": [
          0,
          0,
          0,
          0,
          null,
          0,
          0,
          0,
          0,
          0,
          0,
          0,
          null,
          0,
          0,
          0,
          0,
          0,
          null,
          0,
          0,
          0,
          0,
          0,
          0
        ],
        "branches": {
        }
      },
      "/Users/matt/Desktop/testtest/betwork/app/controllers/likes_controller.rb": {
        "lines": [
          0,
          0,
          0,
          0,
          null,
          0,
          0,
          0,
          0,
          null,
          0,
          0,
          0,
          0,
          0,
          null,
          0,
          0,
          0,
          0,
          0,
          0
        ],
        "branches": {
        }
      },
      "/Users/matt/Desktop/testtest/betwork/app/controllers/follows_controller.rb": {
        "lines": [
          0,
          0,
          0,
          null,
          0,
          0,
          0,
          0,
          null,
          0,
          0,
          0,
          0,
          0
        ],
        "branches": {
        }
      },
      "/Users/matt/Desktop/testtest/betwork/lib/populator_fixes.rb": {
        "lines": [
          0,
          null,
          0,
          0,
          0,
          0,
          0,
          0,
          0,
          0,
          0
        ],
        "branches": {
        }
      }
    },
    "timestamp": 1671480334
  }
}
