{
  "RSpec": {
    "coverage": {
      "/Users/jordiadoumie/Desktop/Columbia_University/engineering-software-as-a-service/betwork/app/models/user.rb": {
        "lines": [
          1,
          null,
          1,
          null,
          1,
          null,
          1,
          1,
          1,
          null,
          1,
          1,
          1,
          null,
          1,
          1,
          null,
          1,
          null,
          1,
          null,
          1,
          1,
          null,
          1,
          8,
          null,
          null,
          1,
          4,
          4,
          null,
          null,
          1,
          20,
          20,
          null,
          null,
          null,
          null,
          null,
          null,
          null,
          null,
          null,
          null,
          null,
          null,
          null
        ]
      },
      "/Users/jordiadoumie/Desktop/Columbia_University/engineering-software-as-a-service/betwork/app/uploaders/avatar_uploader.rb": {
        "lines": [
          1,
          null,
          null,
          null,
          null,
          1,
          null,
          null,
          1,
          null,
          null,
          null,
          null,
          1,
          0,
          null,
          null,
          null,
          null,
          null,
          null,
          null,
          null,
          null,
          null,
          null,
          null,
          null,
          null,
          null,
          null,
          null,
          null,
          null,
          null,
          null,
          null,
          null,
          null,
          null,
          null,
          null,
          null,
          null,
          null,
          null,
          null,
          null,
          null
        ]
      },
      "/Users/jordiadoumie/Desktop/Columbia_University/engineering-software-as-a-service/betwork/app/models/merit/badge_rules.rb": {
        "lines": [
          null,
          null,
          null,
          null,
          null,
          null,
          null,
          null,
          null,
          null,
          null,
          null,
          null,
          null,
          null,
          null,
          null,
          null,
          1,
          1,
          1,
          null,
          1,
          1,
          0,
          null,
          null,
          null,
          null,
          null,
          null,
          null,
          null,
          null,
          null,
          null,
          null,
          null,
          null,
          null,
          null,
          null,
          null,
          null,
          null,
          null,
          null,
          null,
          null,
          null,
          null,
          null,
          null
        ]
      },
      "/Users/jordiadoumie/Desktop/Columbia_University/engineering-software-as-a-service/betwork/app/models/merit/point_rules.rb": {
        "lines": [
          1,
          1,
          1,
          null,
          1,
          1,
          1,
          1,
          null,
          1,
          1,
          null,
          null,
          null,
          null,
          null,
          null,
          null,
          null,
          null,
          null,
          null,
          null,
          null,
          null,
          null
        ]
      },
      "/Users/jordiadoumie/Desktop/Columbia_University/engineering-software-as-a-service/betwork/app/helpers/application_helper.rb": {
        "lines": [
          1,
          1,
          0,
          null,
          null,
          1,
          0,
          null,
          null
        ]
      },
      "/Users/jordiadoumie/Desktop/Columbia_University/engineering-software-as-a-service/betwork/app/helpers/comments_helper.rb": {
        "lines": [
          1,
          null
        ]
      },
      "/Users/jordiadoumie/Desktop/Columbia_University/engineering-software-as-a-service/betwork/app/helpers/events_helper.rb": {
        "lines": [
          1,
          null
        ]
      },
      "/Users/jordiadoumie/Desktop/Columbia_University/engineering-software-as-a-service/betwork/app/helpers/follows_helper.rb": {
        "lines": [
          1,
          null
        ]
      },
      "/Users/jordiadoumie/Desktop/Columbia_University/engineering-software-as-a-service/betwork/app/helpers/home_helper.rb": {
        "lines": [
          1,
          1,
          0,
          null,
          null,
          1,
          0,
          null,
          null
        ]
      },
      "/Users/jordiadoumie/Desktop/Columbia_University/engineering-software-as-a-service/betwork/app/helpers/likes_helper.rb": {
        "lines": [
          null,
          null,
          null,
          null,
          1,
          1,
          0,
          null,
          null
        ]
      },
      "/Users/jordiadoumie/Desktop/Columbia_University/engineering-software-as-a-service/betwork/app/helpers/posts_helper.rb": {
        "lines": [
          1,
          null
        ]
      },
      "/Users/jordiadoumie/Desktop/Columbia_University/engineering-software-as-a-service/betwork/app/helpers/users_helper.rb": {
        "lines": [
          1,
          1,
          0,
          null,
          null,
          1,
          0,
          0,
          null,
          null,
          1,
          1,
          null,
          null,
          null,
          null,
          null,
          null,
          null
        ]
      },
      "/Users/jordiadoumie/Desktop/Columbia_University/engineering-software-as-a-service/betwork/app/models/bet.rb": {
        "lines": [
          1,
          1,
          null,
          1,
          null,
          1,
          8,
          null,
          null,
          1,
          23,
          0,
          null,
          23,
          23,
          0,
          null,
          null,
          null,
          null,
          1,
          1,
          null,
          null,
          null
        ]
      },
      "/Users/jordiadoumie/Desktop/Columbia_University/engineering-software-as-a-service/betwork/app/models/concerns/shared/callbacks.rb": {
        "lines": [
          null,
          null,
          null,
          null,
          1,
          1,
          null,
          1,
          5,
          5,
          null,
          null,
          1,
          3,
          3,
          3,
          null,
          null,
          1,
          3,
          3,
          null,
          null,
          null
        ]
      },
      "/Users/jordiadoumie/Desktop/Columbia_University/engineering-software-as-a-service/betwork/app/models/follow.rb": {
        "lines": [
          null,
          null,
          null,
          null,
          1,
          1,
          null,
          1,
          1,
          null,
          null,
          1,
          1,
          null,
          1,
          3,
          null,
          null,
          1,
          19,
          null,
          1,
          1,
          null
        ]
      },
      "/Users/jordiadoumie/Desktop/Columbia_University/engineering-software-as-a-service/betwork/app/models/odd.rb": {
        "lines": [
          1,
          1,
          null,
          1,
          null,
          null,
          null,
          null
        ]
      },
      "/Users/jordiadoumie/Desktop/Columbia_University/engineering-software-as-a-service/betwork/app/models/post.rb": {
        "lines": [
          1,
          1,
          null,
          1,
          1,
          1,
          1,
          null,
          1,
          12,
          null,
          35,
          null,
          1,
          null,
          1,
          1,
          null,
          1,
          12,
          12,
          12,
          12,
          null,
          null
        ]
      },
      "/Users/jordiadoumie/Desktop/Columbia_University/engineering-software-as-a-service/betwork/app/controllers/bets_controller.rb": {
        "lines": [
          1,
          1,
          1,
          1,
          1,
          1,
          null,
          1,
          1,
          1,
          null,
          1,
          null,
          null,
          6,
          6,
          6,
          6,
          null,
          null,
          1,
          null,
          null,
          null,
          null,
          6,
          null,
          null,
          null,
          null,
          null,
          null,
          null,
          null,
          null,
          null,
          null,
          null,
          null,
          null,
          null,
          null,
          null,
          null,
          null,
          null,
          null,
          null,
          null,
          null,
          null,
          null,
          null,
          null,
          null,
          null,
          null,
          null,
          6,
          null,
          null,
          6,
          null,
          null,
          14,
          null,
          null,
          2,
          null,
          null,
          2,
          2,
          null,
          null,
          2,
          2,
          2,
          2,
          2,
          2,
          2,
          2,
          null,
          null,
          2,
          2,
          null,
          null,
          2,
          null,
          null,
          2,
          2,
          null,
          null,
          2,
          null,
          null,
          2,
          2,
          2,
          null,
          null,
          2,
          0,
          null,
          2,
          null,
          null,
          null,
          2,
          2,
          null,
          null,
          2,
          null,
          null,
          null,
          2,
          0,
          null,
          2,
          null,
          null,
          null,
          2,
          2,
          null,
          0,
          null,
          null,
          null,
          2,
          2,
          null,
          null,
          2,
          null,
          null,
          1,
          null,
          null,
          1,
          null,
          null,
          1,
          null,
          null,
          1,
          null,
          null,
          null,
          1,
          1,
          1,
          1,
          null,
          null,
          null,
          1,
          null,
          null,
          1,
          null,
          null,
          1,
          null,
          null,
          1,
          null,
          null,
          null,
          1,
          1,
          1,
          1,
          null,
          null,
          null,
          2,
          2,
          null,
          null,
          null,
          null,
          null,
          2,
          null,
          null,
          null,
          null,
          null,
          null,
          1,
          null,
          0,
          null,
          null,
          1,
          null,
          null,
          null,
          1,
          null,
          null,
          null,
          null,
          null,
          null,
          null,
          null,
          null,
          null,
          null,
          1,
          null,
          3,
          3,
          3,
          0,
          0,
          null,
          3,
          null,
          3,
          3,
          3,
          3,
          3,
          3,
          3,
          3,
          3,
          3,
          3,
          3,
          null,
          null,
          1,
          null,
          5,
          5,
          5,
          5,
          5,
          3,
          null,
          5,
          1,
          1,
          1,
          1,
          1,
          1,
          1,
          1,
          4,
          2,
          2,
          2,
          null,
          5,
          5,
          5,
          null,
          null,
          1,
          null,
          null,
          1,
          null,
          7,
          7,
          7,
          7,
          null,
          0,
          0,
          0,
          0,
          null,
          null,
          null,
          null,
          null,
          1,
          null,
          0,
          null,
          null,
          null,
          null,
          null,
          null,
          null,
          null,
          null,
          null,
          null,
          null,
          null,
          null,
          null,
          null,
          1,
          null,
          1,
          null,
          null,
          0,
          null,
          null,
          null,
          1,
          null,
          7,
          null,
          null,
          null,
          1,
          null,
          0,
          null,
          null,
          1,
          null,
          27,
          27,
          null,
          null
        ]
      },
      "/Users/jordiadoumie/Desktop/Columbia_University/engineering-software-as-a-service/betwork/app/controllers/test.rb": {
        "lines": [

        ]
      },
      "/Users/jordiadoumie/Desktop/Columbia_University/engineering-software-as-a-service/betwork/app/constants/bet_post_constants.rb": {
        "lines": [
          1,
          1,
          1,
          1,
          1,
          1,
          null,
          null,
          1,
          3,
          null,
          null,
          1,
          1,
          null,
          null,
          1,
          2,
          null,
          null,
          null,
          null
        ]
      },
      "/Users/jordiadoumie/Desktop/Columbia_University/engineering-software-as-a-service/betwork/app/controllers/application_controller.rb": {
        "lines": [
          1,
          null,
          null,
          1,
          null,
          1,
          null,
          1,
          1,
          0,
          0,
          null,
          null,
          1,
          1,
          2,
          null,
          null,
          null,
          1,
          null
        ]
      },
      "/Users/jordiadoumie/Desktop/Columbia_University/engineering-software-as-a-service/betwork/app/controllers/home_controller.rb": {
        "lines": [
          null,
          null,
          null,
          null,
          1,
          1,
          1,
          1,
          null,
          1,
          0,
          0,
          0,
          null,
          null,
          1,
          0,
          null,
          null,
          1,
          1,
          null,
          null,
          1,
          null,
          null,
          1,
          null,
          1,
          2,
          null,
          null,
          1,
          2,
          null,
          null
        ]
      },
      "/Users/jordiadoumie/Desktop/Columbia_University/engineering-software-as-a-service/betwork/app/controllers/odds_controller.rb": {
        "lines": [
          1,
          1,
          1,
          1,
          null,
          1,
          1,
          null,
          1,
          null,
          null,
          1,
          1,
          1,
          null,
          null,
          null,
          null,
          null,
          null,
          1,
          1,
          1,
          3,
          null,
          null,
          null,
          3,
          null,
          null,
          null,
          null,
          null,
          null,
          3,
          null,
          null,
          1,
          null,
          null,
          1,
          null,
          null,
          1,
          1,
          1,
          null,
          null,
          1,
          null,
          0,
          null,
          null,
          1,
          null,
          null,
          null,
          null,
          null,
          null,
          null,
          null,
          null,
          null,
          null,
          null,
          null,
          null,
          null,
          null,
          null,
          null,
          1,
          null,
          null,
          1,
          null,
          1,
          1,
          1,
          null,
          1,
          1,
          1,
          null,
          1,
          null,
          1,
          null,
          null,
          null,
          null,
          null,
          null,
          null,
          null,
          null,
          null,
          null,
          null,
          null,
          1,
          null,
          2,
          2,
          null,
          null
        ]
      },
      "/Users/jordiadoumie/Desktop/Columbia_University/engineering-software-as-a-service/betwork/app/controllers/posts_controller.rb": {
        "lines": [
          1,
          1,
          1,
          null,
          1,
          null,
          0,
          null,
          null,
          1,
          null,
          null,
          null,
          null,
          1,
          1,
          1,
          null,
          0,
          null,
          null,
          null,
          1,
          null,
          null,
          null,
          null,
          1,
          null,
          null,
          null,
          null,
          1,
          null,
          null,
          1,
          null,
          null,
          1,
          null,
          null,
          1,
          null,
          1,
          1,
          2,
          null,
          null,
          null,
          1,
          null,
          1,
          null,
          2,
          null,
          2,
          null,
          null,
          1,
          null,
          2,
          null,
          null
        ]
      },
      "/Users/jordiadoumie/Desktop/Columbia_University/engineering-software-as-a-service/betwork/app/models/comment.rb": {
        "lines": [
          null,
          null,
          null,
          null,
          1,
          1,
          1,
          1,
          null,
          1,
          2,
          null,
          null,
          null,
          null,
          null,
          null,
          1,
          null,
          1,
          1,
          null,
          1,
          1,
          1,
          null,
          1,
          0,
          0,
          0,
          0,
          null,
          null
        ]
      },
      "/Users/jordiadoumie/Desktop/Columbia_University/engineering-software-as-a-service/betwork/app/models/mention.rb": {
        "lines": [
          1,
          null,
          1,
          null,
          1,
          0,
          0,
          0,
          null,
          0,
          null,
          null,
          1,
          0,
          0,
          0,
          0,
          null,
          null,
          null,
          1,
          0,
          null,
          null,
          1,
          0,
          0,
          0,
          0,
          null,
          null,
          null,
          null
        ]
      },
      "/Users/jordiadoumie/Desktop/Columbia_University/engineering-software-as-a-service/betwork/app/controllers/users_controller.rb": {
        "lines": [
          1,
          1,
          1,
          1,
          1,
          null,
          1,
          0,
          null,
          null,
          1,
          null,
          null,
          1,
          0,
          null,
          null,
          1,
          null,
          null,
          0,
          0,
          0,
          null,
          0,
          0,
          null,
          0,
          0,
          0,
          null,
          0,
          null,
          0,
          0,
          null,
          0,
          null,
          null,
          null,
          1,
          null,
          null,
          1,
          0,
          null,
          null,
          1,
          0,
          null,
          null,
          1,
          null,
          null,
          null,
          0,
          null,
          null,
          1,
          null,
          1,
          0,
          null,
          null,
          null,
          1,
          null,
          null,
          null,
          null,
          null,
          null,
          null,
          0,
          null,
          null,
          1,
          null,
          null,
          1,
          null,
          null,
          1,
          null,
          null
        ]
      },
      "/Users/jordiadoumie/Desktop/Columbia_University/engineering-software-as-a-service/betwork/app/models/merit/rank_rules.rb": {
        "lines": [
          null,
          null,
          null,
          null,
          null,
          null,
          null,
          null,
          null,
          null,
          null,
          null,
          0,
          0,
          0,
          null,
          0,
          null,
          null,
          null,
          null,
          null,
          null,
          null,
          null,
          null,
          null,
          null,
          0,
          0,
          0
        ],
        "branches": {
        }
      },
      "/Users/jordiadoumie/Desktop/Columbia_University/engineering-software-as-a-service/betwork/app/models/event.rb": {
        "lines": [
          0,
          0,
          0,
          0,
          0,
          null,
          0,
          0,
          null,
          0,
          0,
          0,
          0
        ],
        "branches": {
        }
      },
      "/Users/jordiadoumie/Desktop/Columbia_University/engineering-software-as-a-service/betwork/app/serializers/event_calendar_serializer.rb": {
        "lines": [
          null,
          null,
          null,
          null,
          null,
          null,
          null,
          null,
          null,
          null,
          null,
          null,
          null,
          null,
          null,
          null,
          null,
          null,
          null
        ],
        "branches": {
        }
      },
      "/Users/jordiadoumie/Desktop/Columbia_University/engineering-software-as-a-service/betwork/app/controllers/events_controller.rb": {
        "lines": [
          null,
          null,
          null,
          null,
          null,
          null,
          null,
          null,
          null,
          null,
          null,
          null,
          null,
          null,
          null,
          null,
          null,
          null,
          null,
          null,
          null,
          null,
          null,
          null,
          null,
          null,
          null,
          null,
          null,
          null,
          null,
          null,
          null,
          null,
          null,
          null,
          null,
          null,
          null,
          null,
          null,
          null,
          null,
          null,
          null,
          null,
          null,
          null,
          null,
          null,
          null,
          null,
          null,
          null,
          null,
          null,
          null,
          null,
          null,
          null,
          null,
          null,
          null,
          null,
          null,
          null,
          null,
          null,
          null
        ],
        "branches": {
        }
      },
      "/Users/jordiadoumie/Desktop/Columbia_University/engineering-software-as-a-service/betwork/app/controllers/comments_controller.rb": {
        "lines": [
          0,
          0,
          0,
          0,
          null,
          0,
          0,
          0,
          0,
          0,
          0,
          0,
          null,
          0,
          0,
          0,
          0,
          0,
          null,
          0,
          0,
          0,
          0,
          0,
          0
        ],
        "branches": {
        }
      },
      "/Users/jordiadoumie/Desktop/Columbia_University/engineering-software-as-a-service/betwork/app/controllers/likes_controller.rb": {
        "lines": [
          0,
          0,
          0,
          0,
          null,
          0,
          0,
          0,
          0,
          null,
          0,
          0,
          0,
          0,
          0,
          null,
          0,
          0,
          0,
          0,
          0,
          0
        ],
        "branches": {
        }
      },
      "/Users/jordiadoumie/Desktop/Columbia_University/engineering-software-as-a-service/betwork/app/controllers/follows_controller.rb": {
        "lines": [
          0,
          0,
          0,
          null,
          0,
          0,
          0,
          0,
          null,
          0,
          0,
          0,
          0,
          0
        ],
        "branches": {
        }
      },
      "/Users/jordiadoumie/Desktop/Columbia_University/engineering-software-as-a-service/betwork/lib/populator_fixes.rb": {
        "lines": [
          0,
          null,
          0,
          0,
          0,
          0,
          0,
          0,
          0,
          0,
          0
        ],
        "branches": {
        }
      }
    },
    "timestamp": 1668657728
  }
}
